<?xml version="1.0" encoding="UTF-8"?>
<testng-results ignored="0" total="15" passed="15" failed="0" skipped="0">
  <reporter-output>
  </reporter-output>
  <suite started-at="2023-01-13T12:08:46 CST" name="Default suite" finished-at="2023-01-13T12:08:56 CST" duration-ms="9773">
    <groups>
      <group name="cucumber">
        <method signature="AbstractTestNGCucumberTests.runScenario(io.cucumber.testng.PickleWrapper,io.cucumber.testng.FeatureWrapper)[pri:0, instance:com.runner.TestRunner@1ed4ae0f]" name="runScenario" class="io.cucumber.testng.AbstractTestNGCucumberTests"/>
      </group> <!-- cucumber -->
    </groups>
    <test started-at="2023-01-13T12:08:46 CST" name="Default test" finished-at="2023-01-13T12:08:56 CST" duration-ms="9773">
      <class name="com.runner.TestRunner">
        <test-method is-config="true" signature="setUpClass(org.testng.ITestContext)[pri:0, instance:com.runner.TestRunner@1ed4ae0f]" started-at="2023-01-13T12:08:46 CST" name="setUpClass" finished-at="2023-01-13T12:08:47 CST" duration-ms="834" status="PASS">
          <params>
            <param index="0">
              <value>
                <![CDATA[org.testng.TestRunner@558127d2]]>
              </value>
            </param>
          </params>
          <reporter-output>
          </reporter-output>
        </test-method> <!-- setUpClass -->
        <test-method signature="runScenario(io.cucumber.testng.PickleWrapper,io.cucumber.testng.FeatureWrapper)[pri:0, instance:com.runner.TestRunner@1ed4ae0f]" started-at="2023-01-13T12:08:47 CST" name="runScenario" description="Runs Cucumber Scenarios" data-provider="scenarios" finished-at="2023-01-13T12:08:50 CST" duration-ms="2757" status="PASS">
          <params>
            <param index="0">
              <value>
                <![CDATA["Get all batches"]]>
              </value>
            </param>
            <param index="1">
              <value>
                <![CDATA["Get Batch"]]>
              </value>
            </param>
          </params>
          <reporter-output>
          </reporter-output>
        </test-method> <!-- runScenario -->
        <test-method signature="runScenario(io.cucumber.testng.PickleWrapper,io.cucumber.testng.FeatureWrapper)[pri:0, instance:com.runner.TestRunner@1ed4ae0f]" started-at="2023-01-13T12:08:50 CST" name="runScenario" description="Runs Cucumber Scenarios" data-provider="scenarios" finished-at="2023-01-13T12:08:51 CST" duration-ms="1194" status="PASS">
          <params>
            <param index="0">
              <value>
                <![CDATA["Get batch by batchId"]]>
              </value>
            </param>
            <param index="1">
              <value>
                <![CDATA["Get Batch"]]>
              </value>
            </param>
          </params>
          <reporter-output>
          </reporter-output>
        </test-method> <!-- runScenario -->
        <test-method signature="runScenario(io.cucumber.testng.PickleWrapper,io.cucumber.testng.FeatureWrapper)[pri:0, instance:com.runner.TestRunner@1ed4ae0f]" started-at="2023-01-13T12:08:51 CST" name="runScenario" description="Runs Cucumber Scenarios" data-provider="scenarios" finished-at="2023-01-13T12:08:51 CST" duration-ms="273" status="PASS">
          <params>
            <param index="0">
              <value>
                <![CDATA["Get batch by batchName"]]>
              </value>
            </param>
            <param index="1">
              <value>
                <![CDATA["Get Batch"]]>
              </value>
            </param>
          </params>
          <reporter-output>
          </reporter-output>
        </test-method> <!-- runScenario -->
        <test-method signature="runScenario(io.cucumber.testng.PickleWrapper,io.cucumber.testng.FeatureWrapper)[pri:0, instance:com.runner.TestRunner@1ed4ae0f]" started-at="2023-01-13T12:08:51 CST" name="runScenario" description="Runs Cucumber Scenarios" data-provider="scenarios" finished-at="2023-01-13T12:08:52 CST" duration-ms="233" status="PASS">
          <params>
            <param index="0">
              <value>
                <![CDATA["Get batch by programId"]]>
              </value>
            </param>
            <param index="1">
              <value>
                <![CDATA["Get Batch"]]>
              </value>
            </param>
          </params>
          <reporter-output>
          </reporter-output>
        </test-method> <!-- runScenario -->
        <test-method signature="runScenario(io.cucumber.testng.PickleWrapper,io.cucumber.testng.FeatureWrapper)[pri:0, instance:com.runner.TestRunner@1ed4ae0f]" started-at="2023-01-13T12:08:52 CST" name="runScenario" description="Runs Cucumber Scenarios" data-provider="scenarios" finished-at="2023-01-13T12:08:52 CST" duration-ms="252" status="PASS">
          <params>
            <param index="0">
              <value>
                <![CDATA["Get batch by invalid programId"]]>
              </value>
            </param>
            <param index="1">
              <value>
                <![CDATA["Get Batch"]]>
              </value>
            </param>
          </params>
          <reporter-output>
          </reporter-output>
        </test-method> <!-- runScenario -->
        <test-method signature="runScenario(io.cucumber.testng.PickleWrapper,io.cucumber.testng.FeatureWrapper)[pri:0, instance:com.runner.TestRunner@1ed4ae0f]" started-at="2023-01-13T12:08:52 CST" name="runScenario" description="Runs Cucumber Scenarios" data-provider="scenarios" finished-at="2023-01-13T12:08:52 CST" duration-ms="235" status="PASS">
          <params>
            <param index="0">
              <value>
                <![CDATA["Get all batches by giving invalid URL"]]>
              </value>
            </param>
            <param index="1">
              <value>
                <![CDATA["Get Batch"]]>
              </value>
            </param>
          </params>
          <reporter-output>
          </reporter-output>
        </test-method> <!-- runScenario -->
        <test-method signature="runScenario(io.cucumber.testng.PickleWrapper,io.cucumber.testng.FeatureWrapper)[pri:0, instance:com.runner.TestRunner@1ed4ae0f]" started-at="2023-01-13T12:08:52 CST" name="runScenario" description="Runs Cucumber Scenarios" data-provider="scenarios" finished-at="2023-01-13T12:08:52 CST" duration-ms="238" status="PASS">
          <params>
            <param index="0">
              <value>
                <![CDATA["Get batch by invalid batchId"]]>
              </value>
            </param>
            <param index="1">
              <value>
                <![CDATA["Get Batch"]]>
              </value>
            </param>
          </params>
          <reporter-output>
          </reporter-output>
        </test-method> <!-- runScenario -->
        <test-method signature="runScenario(io.cucumber.testng.PickleWrapper,io.cucumber.testng.FeatureWrapper)[pri:0, instance:com.runner.TestRunner@1ed4ae0f]" started-at="2023-01-13T12:08:52 CST" name="runScenario" description="Runs Cucumber Scenarios" data-provider="scenarios" finished-at="2023-01-13T12:08:53 CST" duration-ms="239" status="PASS">
          <params>
            <param index="0">
              <value>
                <![CDATA["Get batch by invalid batchName"]]>
              </value>
            </param>
            <param index="1">
              <value>
                <![CDATA["Get Batch"]]>
              </value>
            </param>
          </params>
          <reporter-output>
          </reporter-output>
        </test-method> <!-- runScenario -->
        <test-method signature="runScenario(io.cucumber.testng.PickleWrapper,io.cucumber.testng.FeatureWrapper)[pri:0, instance:com.runner.TestRunner@1ed4ae0f]" started-at="2023-01-13T12:08:53 CST" name="runScenario" description="Runs Cucumber Scenarios" data-provider="scenarios" finished-at="2023-01-13T12:08:53 CST" duration-ms="250" status="PASS">
          <params>
            <param index="0">
              <value>
                <![CDATA["Get batch by not giving any batchName"]]>
              </value>
            </param>
            <param index="1">
              <value>
                <![CDATA["Get Batch"]]>
              </value>
            </param>
          </params>
          <reporter-output>
          </reporter-output>
        </test-method> <!-- runScenario -->
        <test-method signature="runScenario(io.cucumber.testng.PickleWrapper,io.cucumber.testng.FeatureWrapper)[pri:0, instance:com.runner.TestRunner@1ed4ae0f]" started-at="2023-01-13T12:08:53 CST" name="runScenario" description="Runs Cucumber Scenarios" data-provider="scenarios" finished-at="2023-01-13T12:08:53 CST" duration-ms="225" status="PASS">
          <params>
            <param index="0">
              <value>
                <![CDATA["Get batch by not giving any batchId"]]>
              </value>
            </param>
            <param index="1">
              <value>
                <![CDATA["Get Batch"]]>
              </value>
            </param>
          </params>
          <reporter-output>
          </reporter-output>
        </test-method> <!-- runScenario -->
        <test-method signature="runScenario(io.cucumber.testng.PickleWrapper,io.cucumber.testng.FeatureWrapper)[pri:0, instance:com.runner.TestRunner@1ed4ae0f]" started-at="2023-01-13T12:08:53 CST" name="runScenario" description="Runs Cucumber Scenarios" data-provider="scenarios" finished-at="2023-01-13T12:08:53 CST" duration-ms="222" status="PASS">
          <params>
            <param index="0">
              <value>
                <![CDATA["Get all programs"]]>
              </value>
            </param>
            <param index="1">
              <value>
                <![CDATA["Get Program"]]>
              </value>
            </param>
          </params>
          <reporter-output>
          </reporter-output>
        </test-method> <!-- runScenario -->
        <test-method signature="runScenario(io.cucumber.testng.PickleWrapper,io.cucumber.testng.FeatureWrapper)[pri:0, instance:com.runner.TestRunner@1ed4ae0f]" started-at="2023-01-13T12:08:53 CST" name="runScenario" description="Runs Cucumber Scenarios" data-provider="scenarios" finished-at="2023-01-13T12:08:54 CST" duration-ms="230" status="PASS">
          <params>
            <param index="0">
              <value>
                <![CDATA["Get program by programId"]]>
              </value>
            </param>
            <param index="1">
              <value>
                <![CDATA["Get Program"]]>
              </value>
            </param>
          </params>
          <reporter-output>
          </reporter-output>
        </test-method> <!-- runScenario -->
        <test-method signature="runScenario(io.cucumber.testng.PickleWrapper,io.cucumber.testng.FeatureWrapper)[pri:0, instance:com.runner.TestRunner@1ed4ae0f]" started-at="2023-01-13T12:08:54 CST" name="runScenario" description="Runs Cucumber Scenarios" data-provider="scenarios" finished-at="2023-01-13T12:08:54 CST" duration-ms="232" status="PASS">
          <params>
            <param index="0">
              <value>
                <![CDATA["Get program by invalid progamId"]]>
              </value>
            </param>
            <param index="1">
              <value>
                <![CDATA["Get Program"]]>
              </value>
            </param>
          </params>
          <reporter-output>
          </reporter-output>
        </test-method> <!-- runScenario -->
        <test-method signature="runScenario(io.cucumber.testng.PickleWrapper,io.cucumber.testng.FeatureWrapper)[pri:0, instance:com.runner.TestRunner@1ed4ae0f]" started-at="2023-01-13T12:08:54 CST" name="runScenario" description="Runs Cucumber Scenarios" data-provider="scenarios" finished-at="2023-01-13T12:08:54 CST" duration-ms="391" status="PASS">
          <params>
            <param index="0">
              <value>
                <![CDATA["Get program by not giving programId"]]>
              </value>
            </param>
            <param index="1">
              <value>
                <![CDATA["Get Program"]]>
              </value>
            </param>
          </params>
          <reporter-output>
          </reporter-output>
        </test-method> <!-- runScenario -->
        <test-method signature="runScenario(io.cucumber.testng.PickleWrapper,io.cucumber.testng.FeatureWrapper)[pri:0, instance:com.runner.TestRunner@1ed4ae0f]" started-at="2023-01-13T12:08:54 CST" name="runScenario" description="Runs Cucumber Scenarios" data-provider="scenarios" finished-at="2023-01-13T12:08:54 CST" duration-ms="234" status="PASS">
          <params>
            <param index="0">
              <value>
                <![CDATA["Get all program by invalid url"]]>
              </value>
            </param>
            <param index="1">
              <value>
                <![CDATA["Get Program"]]>
              </value>
            </param>
          </params>
          <reporter-output>
          </reporter-output>
        </test-method> <!-- runScenario -->
        <test-method is-config="true" signature="tearDownClass()[pri:0, instance:com.runner.TestRunner@1ed4ae0f]" started-at="2023-01-13T12:08:54 CST" name="tearDownClass" finished-at="2023-01-13T12:08:56 CST" duration-ms="1643" status="PASS">
          <reporter-output>
          </reporter-output>
        </test-method> <!-- tearDownClass -->
      </class> <!-- com.runner.TestRunner -->
    </test> <!-- Default test -->
  </suite> <!-- Default suite -->
</testng-results>
