<?xml version="1.0" encoding="UTF-8"?>
<testng-results ignored="0" total="18" passed="18" failed="0" skipped="0">
  <reporter-output>
  </reporter-output>
  <suite started-at="2023-01-16T15:51:43 CST" name="Default suite" finished-at="2023-01-16T15:51:53 CST" duration-ms="10432">
    <groups>
      <group name="cucumber">
        <method signature="AbstractTestNGCucumberTests.runScenario(io.cucumber.testng.PickleWrapper,io.cucumber.testng.FeatureWrapper)[pri:0, instance:com.runner.TestRunner@32502377]" name="runScenario" class="io.cucumber.testng.AbstractTestNGCucumberTests"/>
      </group> <!-- cucumber -->
    </groups>
    <test started-at="2023-01-16T15:51:43 CST" name="Default test" finished-at="2023-01-16T15:51:53 CST" duration-ms="10432">
      <class name="com.runner.TestRunner">
        <test-method is-config="true" signature="setUpClass(org.testng.ITestContext)[pri:0, instance:com.runner.TestRunner@32502377]" started-at="2023-01-16T15:51:43 CST" name="setUpClass" finished-at="2023-01-16T15:51:44 CST" duration-ms="1118" status="PASS">
          <params>
            <param index="0">
              <value>
                <![CDATA[org.testng.TestRunner@575e862c]]>
              </value>
            </param>
          </params>
          <reporter-output>
          </reporter-output>
        </test-method> <!-- setUpClass -->
        <test-method signature="runScenario(io.cucumber.testng.PickleWrapper,io.cucumber.testng.FeatureWrapper)[pri:0, instance:com.runner.TestRunner@32502377]" started-at="2023-01-16T15:51:44 CST" name="runScenario" description="Runs Cucumber Scenarios" data-provider="scenarios" finished-at="2023-01-16T15:51:47 CST" duration-ms="2575" status="PASS">
          <params>
            <param index="0">
              <value>
                <![CDATA["Get all batches"]]>
              </value>
            </param>
            <param index="1">
              <value>
                <![CDATA["Optional[Get Batch]"]]>
              </value>
            </param>
          </params>
          <reporter-output>
          </reporter-output>
        </test-method> <!-- runScenario -->
        <test-method signature="runScenario(io.cucumber.testng.PickleWrapper,io.cucumber.testng.FeatureWrapper)[pri:0, instance:com.runner.TestRunner@32502377]" started-at="2023-01-16T15:51:47 CST" name="runScenario" description="Runs Cucumber Scenarios" data-provider="scenarios" finished-at="2023-01-16T15:51:47 CST" duration-ms="813" status="PASS">
          <params>
            <param index="0">
              <value>
                <![CDATA["Get batch by batchId"]]>
              </value>
            </param>
            <param index="1">
              <value>
                <![CDATA["Optional[Get Batch]"]]>
              </value>
            </param>
          </params>
          <reporter-output>
          </reporter-output>
        </test-method> <!-- runScenario -->
        <test-method signature="runScenario(io.cucumber.testng.PickleWrapper,io.cucumber.testng.FeatureWrapper)[pri:0, instance:com.runner.TestRunner@32502377]" started-at="2023-01-16T15:51:47 CST" name="runScenario" description="Runs Cucumber Scenarios" data-provider="scenarios" finished-at="2023-01-16T15:51:48 CST" duration-ms="239" status="PASS">
          <params>
            <param index="0">
              <value>
                <![CDATA["Get batch by batchName"]]>
              </value>
            </param>
            <param index="1">
              <value>
                <![CDATA["Optional[Get Batch]"]]>
              </value>
            </param>
          </params>
          <reporter-output>
          </reporter-output>
        </test-method> <!-- runScenario -->
        <test-method signature="runScenario(io.cucumber.testng.PickleWrapper,io.cucumber.testng.FeatureWrapper)[pri:0, instance:com.runner.TestRunner@32502377]" started-at="2023-01-16T15:51:48 CST" name="runScenario" description="Runs Cucumber Scenarios" data-provider="scenarios" finished-at="2023-01-16T15:51:48 CST" duration-ms="223" status="PASS">
          <params>
            <param index="0">
              <value>
                <![CDATA["Get batch by programId"]]>
              </value>
            </param>
            <param index="1">
              <value>
                <![CDATA["Optional[Get Batch]"]]>
              </value>
            </param>
          </params>
          <reporter-output>
          </reporter-output>
        </test-method> <!-- runScenario -->
        <test-method signature="runScenario(io.cucumber.testng.PickleWrapper,io.cucumber.testng.FeatureWrapper)[pri:0, instance:com.runner.TestRunner@32502377]" started-at="2023-01-16T15:51:48 CST" name="runScenario" description="Runs Cucumber Scenarios" data-provider="scenarios" finished-at="2023-01-16T15:51:48 CST" duration-ms="236" status="PASS">
          <params>
            <param index="0">
              <value>
                <![CDATA["Get batch by invalid programId"]]>
              </value>
            </param>
            <param index="1">
              <value>
                <![CDATA["Optional[Get Batch]"]]>
              </value>
            </param>
          </params>
          <reporter-output>
          </reporter-output>
        </test-method> <!-- runScenario -->
        <test-method signature="runScenario(io.cucumber.testng.PickleWrapper,io.cucumber.testng.FeatureWrapper)[pri:0, instance:com.runner.TestRunner@32502377]" started-at="2023-01-16T15:51:48 CST" name="runScenario" description="Runs Cucumber Scenarios" data-provider="scenarios" finished-at="2023-01-16T15:51:48 CST" duration-ms="275" status="PASS">
          <params>
            <param index="0">
              <value>
                <![CDATA["Get all batches by giving invalid URL"]]>
              </value>
            </param>
            <param index="1">
              <value>
                <![CDATA["Optional[Get Batch]"]]>
              </value>
            </param>
          </params>
          <reporter-output>
          </reporter-output>
        </test-method> <!-- runScenario -->
        <test-method signature="runScenario(io.cucumber.testng.PickleWrapper,io.cucumber.testng.FeatureWrapper)[pri:0, instance:com.runner.TestRunner@32502377]" started-at="2023-01-16T15:51:48 CST" name="runScenario" description="Runs Cucumber Scenarios" data-provider="scenarios" finished-at="2023-01-16T15:51:49 CST" duration-ms="262" status="PASS">
          <params>
            <param index="0">
              <value>
                <![CDATA["Get batch by invalid batchId"]]>
              </value>
            </param>
            <param index="1">
              <value>
                <![CDATA["Optional[Get Batch]"]]>
              </value>
            </param>
          </params>
          <reporter-output>
          </reporter-output>
        </test-method> <!-- runScenario -->
        <test-method signature="runScenario(io.cucumber.testng.PickleWrapper,io.cucumber.testng.FeatureWrapper)[pri:0, instance:com.runner.TestRunner@32502377]" started-at="2023-01-16T15:51:49 CST" name="runScenario" description="Runs Cucumber Scenarios" data-provider="scenarios" finished-at="2023-01-16T15:51:49 CST" duration-ms="229" status="PASS">
          <params>
            <param index="0">
              <value>
                <![CDATA["Get batch by invalid batchName"]]>
              </value>
            </param>
            <param index="1">
              <value>
                <![CDATA["Optional[Get Batch]"]]>
              </value>
            </param>
          </params>
          <reporter-output>
          </reporter-output>
        </test-method> <!-- runScenario -->
        <test-method signature="runScenario(io.cucumber.testng.PickleWrapper,io.cucumber.testng.FeatureWrapper)[pri:0, instance:com.runner.TestRunner@32502377]" started-at="2023-01-16T15:51:49 CST" name="runScenario" description="Runs Cucumber Scenarios" data-provider="scenarios" finished-at="2023-01-16T15:51:49 CST" duration-ms="225" status="PASS">
          <params>
            <param index="0">
              <value>
                <![CDATA["Get batch by not giving any batchName"]]>
              </value>
            </param>
            <param index="1">
              <value>
                <![CDATA["Optional[Get Batch]"]]>
              </value>
            </param>
          </params>
          <reporter-output>
          </reporter-output>
        </test-method> <!-- runScenario -->
        <test-method signature="runScenario(io.cucumber.testng.PickleWrapper,io.cucumber.testng.FeatureWrapper)[pri:0, instance:com.runner.TestRunner@32502377]" started-at="2023-01-16T15:51:49 CST" name="runScenario" description="Runs Cucumber Scenarios" data-provider="scenarios" finished-at="2023-01-16T15:51:49 CST" duration-ms="229" status="PASS">
          <params>
            <param index="0">
              <value>
                <![CDATA["Get batch by not giving any batchId"]]>
              </value>
            </param>
            <param index="1">
              <value>
                <![CDATA["Optional[Get Batch]"]]>
              </value>
            </param>
          </params>
          <reporter-output>
          </reporter-output>
        </test-method> <!-- runScenario -->
        <test-method signature="runScenario(io.cucumber.testng.PickleWrapper,io.cucumber.testng.FeatureWrapper)[pri:0, instance:com.runner.TestRunner@32502377]" started-at="2023-01-16T15:51:49 CST" name="runScenario" description="Runs Cucumber Scenarios" data-provider="scenarios" finished-at="2023-01-16T15:51:50 CST" duration-ms="548" status="PASS">
          <params>
            <param index="0">
              <value>
                <![CDATA["Post Req"]]>
              </value>
            </param>
            <param index="1">
              <value>
                <![CDATA["Optional[Post Batch]"]]>
              </value>
            </param>
          </params>
          <reporter-output>
          </reporter-output>
        </test-method> <!-- runScenario -->
        <test-method signature="runScenario(io.cucumber.testng.PickleWrapper,io.cucumber.testng.FeatureWrapper)[pri:0, instance:com.runner.TestRunner@32502377]" started-at="2023-01-16T15:51:50 CST" name="runScenario" description="Runs Cucumber Scenarios" data-provider="scenarios" finished-at="2023-01-16T15:51:50 CST" duration-ms="218" status="PASS">
          <params>
            <param index="0">
              <value>
                <![CDATA["Post Req"]]>
              </value>
            </param>
            <param index="1">
              <value>
                <![CDATA["Optional[Post Batch]"]]>
              </value>
            </param>
          </params>
          <reporter-output>
          </reporter-output>
        </test-method> <!-- runScenario -->
        <test-method signature="runScenario(io.cucumber.testng.PickleWrapper,io.cucumber.testng.FeatureWrapper)[pri:0, instance:com.runner.TestRunner@32502377]" started-at="2023-01-16T15:51:50 CST" name="runScenario" description="Runs Cucumber Scenarios" data-provider="scenarios" finished-at="2023-01-16T15:51:50 CST" duration-ms="231" status="PASS">
          <params>
            <param index="0">
              <value>
                <![CDATA["Post Req without sending header"]]>
              </value>
            </param>
            <param index="1">
              <value>
                <![CDATA["Optional[Post Batch]"]]>
              </value>
            </param>
          </params>
          <reporter-output>
          </reporter-output>
        </test-method> <!-- runScenario -->
        <test-method signature="runScenario(io.cucumber.testng.PickleWrapper,io.cucumber.testng.FeatureWrapper)[pri:0, instance:com.runner.TestRunner@32502377]" started-at="2023-01-16T15:51:50 CST" name="runScenario" description="Runs Cucumber Scenarios" data-provider="scenarios" finished-at="2023-01-16T15:51:51 CST" duration-ms="223" status="PASS">
          <params>
            <param index="0">
              <value>
                <![CDATA["Post Req with invalid url"]]>
              </value>
            </param>
            <param index="1">
              <value>
                <![CDATA["Optional[Post Batch]"]]>
              </value>
            </param>
          </params>
          <reporter-output>
          </reporter-output>
        </test-method> <!-- runScenario -->
        <test-method signature="runScenario(io.cucumber.testng.PickleWrapper,io.cucumber.testng.FeatureWrapper)[pri:0, instance:com.runner.TestRunner@32502377]" started-at="2023-01-16T15:51:51 CST" name="runScenario" description="Runs Cucumber Scenarios" data-provider="scenarios" finished-at="2023-01-16T15:51:51 CST" duration-ms="239" status="PASS">
          <params>
            <param index="0">
              <value>
                <![CDATA["Post Req with invalid body"]]>
              </value>
            </param>
            <param index="1">
              <value>
                <![CDATA["Optional[Post Batch]"]]>
              </value>
            </param>
          </params>
          <reporter-output>
          </reporter-output>
        </test-method> <!-- runScenario -->
        <test-method signature="runScenario(io.cucumber.testng.PickleWrapper,io.cucumber.testng.FeatureWrapper)[pri:0, instance:com.runner.TestRunner@32502377]" started-at="2023-01-16T15:51:51 CST" name="runScenario" description="Runs Cucumber Scenarios" data-provider="scenarios" finished-at="2023-01-16T15:51:51 CST" duration-ms="235" status="PASS">
          <params>
            <param index="0">
              <value>
                <![CDATA["Update batch with invalid Batch ID"]]>
              </value>
            </param>
            <param index="1">
              <value>
                <![CDATA["Optional[Put Batch]"]]>
              </value>
            </param>
          </params>
          <reporter-output>
          </reporter-output>
        </test-method> <!-- runScenario -->
        <test-method signature="runScenario(io.cucumber.testng.PickleWrapper,io.cucumber.testng.FeatureWrapper)[pri:0, instance:com.runner.TestRunner@32502377]" started-at="2023-01-16T15:51:51 CST" name="runScenario" description="Runs Cucumber Scenarios" data-provider="scenarios" finished-at="2023-01-16T15:51:51 CST" duration-ms="230" status="PASS">
          <params>
            <param index="0">
              <value>
                <![CDATA["Delete batch by null value"]]>
              </value>
            </param>
            <param index="1">
              <value>
                <![CDATA["Optional[Delete Batch]"]]>
              </value>
            </param>
          </params>
          <reporter-output>
          </reporter-output>
        </test-method> <!-- runScenario -->
        <test-method signature="runScenario(io.cucumber.testng.PickleWrapper,io.cucumber.testng.FeatureWrapper)[pri:0, instance:com.runner.TestRunner@32502377]" started-at="2023-01-16T15:51:51 CST" name="runScenario" description="Runs Cucumber Scenarios" data-provider="scenarios" finished-at="2023-01-16T15:51:52 CST" duration-ms="213" status="PASS">
          <params>
            <param index="0">
              <value>
                <![CDATA["Delete batch by invalid batch Id"]]>
              </value>
            </param>
            <param index="1">
              <value>
                <![CDATA["Optional[Delete Batch]"]]>
              </value>
            </param>
          </params>
          <reporter-output>
          </reporter-output>
        </test-method> <!-- runScenario -->
        <test-method is-config="true" signature="tearDownClass()[pri:0, instance:com.runner.TestRunner@32502377]" started-at="2023-01-16T15:51:52 CST" name="tearDownClass" finished-at="2023-01-16T15:51:53 CST" duration-ms="1819" status="PASS">
          <reporter-output>
          </reporter-output>
        </test-method> <!-- tearDownClass -->
      </class> <!-- com.runner.TestRunner -->
    </test> <!-- Default test -->
  </suite> <!-- Default suite -->
</testng-results>
